[PREINITIALIZATION][CLIENT][INFO] Thank you to the Patreon supporters below and others who make CraftTweaker possible!
Quaternary
DreamThorn
Barrier
Jonathan McManus
Gildrag 09
Robijnvogel
IDroid
Genryu
Belathus
Luckyclaw
Mouse
AdaraChristine
NickT
Pongo Sapiens
Otakup0pe
Brønsted
Shotguun29
Ivy_
Ncc1702
BigAl607
If you want to support the mod, checkout https://patreon.com/jaredlll08?s=crtmod

[PREINITIALIZATION][CLIENT][INFO] Current loaders after merging: [[preinit]]
[PREINITIALIZATION][CLIENT][INFO] Loading scripts for loader with names [preinit]
[PREINITIALIZATION][CLIENT][INFO] [preinit | SIDE_CLIENT]: Skipping file {[0:crafttweaker]: CustomRecipes.zs} as we are currently loading with a different loader
[PREINITIALIZATION][CLIENT][INFO] [preinit | SIDE_CLIENT]: Skipping file {[0:crafttweaker]: Items.zs} as we are currently loading with a different loader
[PREINITIALIZATION][CLIENT][INFO] [preinit | SIDE_CLIENT]: Skipping file {[0:crafttweaker]: MineTweakerRecipeMaker.zs} as we are currently loading with a different loader
[PREINITIALIZATION][CLIENT][INFO] [preinit | SIDE_CLIENT]: Skipping file {[0:crafttweaker]: MobStages.zs} as we are currently loading with a different loader
[PREINITIALIZATION][CLIENT][INFO] Completed script loading in: 1ms
[INITIALIZATION][CLIENT][INFO] CraftTweaker: Building registry
[INITIALIZATION][CLIENT][INFO] CraftTweaker: Successfully built item registry
[INITIALIZATION][CLIENT][INFO] Current loaders after merging: [[preinit], [recipeevent | crafttweaker]]
[INITIALIZATION][CLIENT][INFO] Loading scripts for loader with names [crafttweaker | recipeevent]
[INITIALIZATION][CLIENT][INFO] [crafttweaker | SIDE_CLIENT]: Loading Script: {[0:crafttweaker]: CustomRecipes.zs}
[INITIALIZATION][CLIENT][INFO] Adding nuclearcraft_dissolver recipe: 4 x tile.mushroom:3, 250 x ethanol -> 250 x radaway
[INITIALIZATION][CLIENT][INFO] [crafttweaker | SIDE_CLIENT]: Loading Script: {[0:crafttweaker]: Items.zs}
[INITIALIZATION][CLIENT][INFO] Adding a replacement for stage REPLACED. biomesoplenty:flower_0[variant=wilted_lily] will become biomesoplenty:leaves_1[check_decay=true,decayable=true,variant=dead]
[INITIALIZATION][CLIENT][INFO] Adding a replacement for stage REPLACED. chisel:limestone2[variation=7] will become mekanism:saltblock
[INITIALIZATION][CLIENT][INFO] Adding to item stage DISABLED. ME Fluid Storage Bus - appliedenergistics2:part:221
[INITIALIZATION][CLIENT][INFO] Adding to item stage DISABLED. ME Storage Bus - appliedenergistics2:part:220
[INITIALIZATION][CLIENT][INFO] Adding to item stage DISABLED. ME Energy Storage Bus - appliedintegrations:energystoragepartitem:0
[INITIALIZATION][CLIENT][INFO] Adding to item stage DISABLED. Reinforcement - tconstruct:materials:14
[INITIALIZATION][CLIENT][INFO] [crafttweaker | SIDE_CLIENT]: Loading Script: {[0:crafttweaker]: MineTweakerRecipeMaker.zs}
[INITIALIZATION][CLIENT][INFO] [crafttweaker | SIDE_CLIENT]: Loading Script: {[0:crafttweaker]: MobStages.zs}
[INITIALIZATION][CLIENT][INFO] Adding minecraft:spider to stage.Tarantula
[INITIALIZATION][CLIENT][INFO] Adding a replacement for minecraft:spider to betteranimalsplus:tarantula
[INITIALIZATION][CLIENT][INFO] Adding minecraft:zombie to stage.ZombieVillager
[INITIALIZATION][CLIENT][INFO] Adding a replacement for minecraft:zombie to minecraft:zombie_villager
[INITIALIZATION][CLIENT][INFO] Completed script loading in: 246ms
[POSTINITIALIZATION][CLIENT][INFO] Adding Grinder Entry for Gravel
[POSTINITIALIZATION][CLIENT][INFO] Removing recipes for various outputs
[POSTINITIALIZATION][CLIENT][INFO] Removing Shapeless recipes for <harvestcraft:freshwateritem> * 8
[POSTINITIALIZATION][CLIENT][INFO] Removing 0 Shapeless recipes.
[POSTINITIALIZATION][CLIENT][INFO] Removing Shaped recipes for <immersiveengineering:material:1> * 4
[POSTINITIALIZATION][CLIENT][INFO] 1 removed
[POSTINITIALIZATION][CLIENT][INFO] Removing Shaped recipes for <nuclearcraft:boots_hazmat>
[POSTINITIALIZATION][CLIENT][INFO] 1 removed
[POSTINITIALIZATION][CLIENT][INFO] Removing Shaped recipes for <nuclearcraft:legs_hazmat>
[POSTINITIALIZATION][CLIENT][INFO] 1 removed
[POSTINITIALIZATION][CLIENT][INFO] Removing Shaped recipes for <nuclearcraft:chest_hazmat>
[POSTINITIALIZATION][CLIENT][INFO] 1 removed
[POSTINITIALIZATION][CLIENT][INFO] Removing Shaped recipes for <nuclearcraft:helm_hazmat>
[POSTINITIALIZATION][CLIENT][INFO] 1 removed
[POSTINITIALIZATION][CLIENT][INFO] Removing Shaped recipes for <openmodularturrets:ammo_meta:1> * 64
[POSTINITIALIZATION][CLIENT][INFO] 0 removed
[POSTINITIALIZATION][CLIENT][INFO] Removing Shaped recipes for <openmodularturrets:ammo_meta:4> * 32
[POSTINITIALIZATION][CLIENT][INFO] 0 removed
[POSTINITIALIZATION][CLIENT][INFO] Removing Shaped recipes for <openmodularturrets:ammo_meta:3> * 32
[POSTINITIALIZATION][CLIENT][INFO] 0 removed
[POSTINITIALIZATION][CLIENT][INFO] Removing Shaped recipes for <openmodularturrets:ammo_meta:1> * 64
[POSTINITIALIZATION][CLIENT][INFO] 0 removed
[POSTINITIALIZATION][CLIENT][INFO] Adding shapeless recipe for Ink Sac with name ct_shapeless-1673439654
[POSTINITIALIZATION][CLIENT][INFO] Adding shapeless recipe for Spruce Wood Planks with name ct_shapeless-580196436
[POSTINITIALIZATION][CLIENT][INFO] Adding shaped recipe for Iron Rod with name ct_shaped675327814
[POSTINITIALIZATION][CLIENT][INFO] Adding shaped recipe for Hazmat Suit Boots with name ct_shaped42112103
[POSTINITIALIZATION][CLIENT][INFO] Adding shaped recipe for Hazmat Suit Leggings with name ct_shaped-446804276
[POSTINITIALIZATION][CLIENT][INFO] Adding shaped recipe for Hazmat Suit Chestpiece with name ct_shaped687746129
[POSTINITIALIZATION][CLIENT][INFO] Adding shaped recipe for Hazmat Suit Headwear with name ct_shaped1601294614
[POSTINITIALIZATION][CLIENT][INFO] Adding shaped recipe for Inscriber Calculation Press with name ct_shaped-763554072
[POSTINITIALIZATION][CLIENT][INFO] Adding shaped recipe for Inscriber Engineering Press with name ct_shaped-1963730985
[POSTINITIALIZATION][CLIENT][INFO] Adding shaped recipe for Inscriber Logic Press with name ct_shaped-1785759918
[POSTINITIALIZATION][CLIENT][INFO] Adding shaped recipe for Inscriber Silicon Press with name ct_shaped1208797684
[POSTINITIALIZATION][CLIENT][INFO] Adding shaped recipe for Ammo - Rocket with name ct_shaped1780336375
[POSTINITIALIZATION][CLIENT][INFO] Adding shaped recipe for Ammo - Grenade with name ct_shaped-2120074901
[POSTINITIALIZATION][CLIENT][INFO] Adding shaped recipe for Ammo - Bullet with name ct_shaped1400592906
[POSTINITIALIZATION][CLIENT][INFO] Adding shaped recipe for Sand with name ct_shaped-83992505
[POSTINITIALIZATION][CLIENT][INFO] Adding shaped recipe for Fresh Water with name ct_shaped-1541177195
[POSTINITIALIZATION][CLIENT][INFO] Adding 1 Mekanism Enrichment Chamber Recipe(s) for <minecraft:dye:11> * 4
[AVAILABLE][CLIENT][INFO] Fixed the RecipeBook
